<?xml version="1.0" encoding="UTF-8"?><testsuite errors="0" failures="0" name="TestContact" skipped="0" tests="5" time="27.64" timestamp="2018-10-280 04:45:16"><testcase classname="TestContact" name="Test 4: Test the contact form with blank fields"/><testcase classname="TestContact" name="Test 2 : Test the presence of elements"/><testcase classname="TestContact" name="Test 3 : Send a message from contact"/><testcase classname="TestContact" name="Test 1 : Test the functionality of the Contact option"/><testcase classname="TestContact" name="Test 5: Test the contact form with invalid credentials"/></testsuite>