<?xml version="1.0" encoding="UTF-8"?><testsuite errors="0" failures="0" name="TestAboutUsPage" skipped="0" tests="4" time="8.22" timestamp="2018-10-284 06:41:47"><testcase classname="TestAboutUsPage" name="Test the functionality of close button"/><testcase classname="TestAboutUsPage" name="Test the functionality of About us"/><testcase classname="TestAboutUsPage" name="Test the functionality of x icon"/><testcase classname="TestAboutUsPage" name="Test the presence of video and play button"/></testsuite>