<?xml version="1.0" encoding="UTF-8"?><testsuite errors="0" failures="0" name="TestLoginLogout" skipped="0" tests="6" time="97.88" timestamp="2018-10-284 07:01:35"><testcase classname="TestLoginLogout" name="Test 2 : Test the presence of elements"/><testcase classname="TestLoginLogout" name="Test 5 : Test the functionality of logout button"/><testcase classname="TestLoginLogout" name="Log in with invalid credentials"/><testcase classname="TestLoginLogout" name="Login button functionality and elements are present"/><testcase classname="TestLoginLogout" name="Test 3 :  Test the close button with blank fields"/><testcase classname="TestLoginLogout" name="Test 4 : Test the successful login"/></testsuite>